  iconv.c
c:\users\micmu\source\repos\libconv\libconv\iconv.c(111): warning C4005: 'DEFENCODING': macro redefinition
  c:\users\micmu\source\repos\libconv\libconv\iconv.c(90): note: see previous definition of 'DEFENCODING'
c:\users\micmu\source\repos\libconv\libconv\iconv.c(127): warning C4005: 'DEFENCODING': macro redefinition
  c:\users\micmu\source\repos\libconv\libconv\iconv.c(111): note: see previous definition of 'DEFENCODING'
c:\users\micmu\source\repos\libconv\libconv\iconv.c(169): warning C4005: 'S': macro redefinition
  c:\users\micmu\source\repos\libconv\libconv\iconv.c(164): note: see previous definition of 'S'
c:\users\micmu\source\repos\libconv\libconv\iconv.c(175): warning C4005: 'S': macro redefinition
  c:\users\micmu\source\repos\libconv\libconv\iconv.c(169): note: see previous definition of 'S'
c:\users\micmu\source\repos\libconv\libconv\iconv.c(198): warning C4005: 'stringpool2': macro redefinition
  c:\users\micmu\source\repos\libconv\libconv\iconv.c(173): note: see previous definition of 'stringpool2'
c:\users\micmu\source\repos\libconv\libconv\iconv.c(390): warning C4005: 'aliascount2': macro redefinition
  c:\users\micmu\source\repos\libconv\libconv\iconv.c(388): note: see previous definition of 'aliascount2'
c:\users\micmu\source\repos\libconv\libconv\iconv.c(618): fatal error C1010: unexpected end of file while looking for precompiled header. Did you forget to add '#include "stdafx.h"' to your source?
  localcharset.c
c:\users\micmu\source\repos\libconv\libconv\localcharset.c(100): warning C4005: 'ISSLASH': macro redefinition
  c:\users\micmu\source\repos\libconv\libconv\localcharset.c(92): note: see previous definition of 'ISSLASH'
c:\users\micmu\source\repos\libconv\libconv\localcharset.c(614): fatal error C1010: unexpected end of file while looking for precompiled header. Did you forget to add '#include "stdafx.h"' to your source?
  relocatable.c
c:\users\micmu\source\repos\libconv\libconv\relocatable.c(91): warning C4005: 'ISSLASH': macro redefinition
  c:\users\micmu\source\repos\libconv\libconv\relocatable.c(82): note: see previous definition of 'ISSLASH'
c:\users\micmu\source\repos\libconv\libconv\relocatable.c(92): warning C4005: 'IS_PATH_WITH_DIR': macro redefinition
  c:\users\micmu\source\repos\libconv\libconv\relocatable.c(87): note: see previous definition of 'IS_PATH_WITH_DIR'
c:\users\micmu\source\repos\libconv\libconv\relocatable.c(93): warning C4005: 'FILE_SYSTEM_PREFIX_LEN': macro redefinition
  c:\users\micmu\source\repos\libconv\libconv\relocatable.c(88): note: see previous definition of 'FILE_SYSTEM_PREFIX_LEN'
c:\users\micmu\source\repos\libconv\libconv\relocatable.c(105): warning C4005: 'ENABLE_COSTLY_RELOCATABLE': macro redefinition
  c:\users\micmu\source\repos\libconv\libconv\relocatable.c(103): note: see previous definition of 'ENABLE_COSTLY_RELOCATABLE'
c:\users\micmu\source\repos\libconv\libconv\relocatable.c(578): fatal error C1010: unexpected end of file while looking for precompiled header. Did you forget to add '#include "stdafx.h"' to your source?
  Generating Code...
